<?xml version="1.0" encoding="UTF-8"?>
<testng-results ignored="0" total="1" passed="1" failed="0" skipped="0">
  <reporter-output>
  </reporter-output>
  <suite started-at="2023-04-30T00:34:15 IST" name="Suite" finished-at="2023-04-30T00:34:18 IST" duration-ms="3502">
    <groups>
    </groups>
    <test started-at="2023-04-30T00:34:15 IST" name="Test" finished-at="2023-04-30T00:34:18 IST" duration-ms="3502">
      <class name="testScripts.TestScriptSample">
        <test-method signature="testScript()[pri:0, instance:testScripts.TestScriptSample@28f2a10f]" started-at="2023-04-30T00:34:15 IST" name="testScript" finished-at="2023-04-30T00:34:18 IST" duration-ms="3452" status="PASS">
          <reporter-output>
          </reporter-output>
        </test-method> <!-- testScript -->
      </class> <!-- testScripts.TestScriptSample -->
    </test> <!-- Test -->
  </suite> <!-- Suite -->
</testng-results>
